<?xml version="1.0" encoding="UTF-8"?>
<testsuite name="io.github.shirohoo.CalculatorTest" tests="2" skipped="0" failures="0" errors="0" timestamp="2021-11-15T11:42:48" hostname="hanchanghun-ui-MacBookAir.local" time="0.072">
  <properties/>
  <testcase name="sum()" classname="io.github.shirohoo.CalculatorTest" time="0.065"/>
  <testcase name="minus()" classname="io.github.shirohoo.CalculatorTest" time="0.002"/>
  <system-out><![CDATA[]]></system-out>
  <system-err><![CDATA[]]></system-err>
</testsuite>
